[0.359s] Invoking command in '/home/mtrn/MTRN4231_final_project/build/path_planning': CMAKE_PREFIX_PATH=${CMAKE_PREFIX_PATH}:/home/mtrn/4231/ws_moveit2/install/moveit_configs_utils:/home/mtrn/4231/ws_moveit2/install/launch_param_builder:/opt/ros/humble /usr/bin/cmake --build /home/mtrn/MTRN4231_final_project/build/path_planning -- -j4 -l4
[0.443s] [35m[1mConsolidate compiler generated dependencies of target brain_node[0m
[0.484s] [ 50%] [32mBuilding CXX object CMakeFiles/brain_node.dir/src/brain_node.cpp.o[0m
[3.434s] [01m[K/home/mtrn/MTRN4231_final_project/path_planning/src/brain_node.cpp:[m[K In lambda function:
[3.434s] [01m[K/home/mtrn/MTRN4231_final_project/path_planning/src/brain_node.cpp:16:62:[m[K [01;35m[Kwarning: [m[Kunused parameter â€˜[01m[Kmsg[m[Kâ€™ [[01;35m[K]8;;https://gcc.gnu.org/onlinedocs/gcc/Warning-Options.html#index-Wunused-parameter-Wunused-parameter]8;;[m[K]
[3.434s]    16 |             [this]([01;35m[Kconst tf2_msgs::msg::TFMessage::SharedPtr msg[m[K) {
[3.434s]       |                    [01;35m[K~~~~~~~~~~~~~~~~~~~~~~~~~~~~~~~~~~~~~~~~~~^~~[m[K
[3.446s] [01m[K/home/mtrn/MTRN4231_final_project/path_planning/src/brain_node.cpp:[m[K In lambda function:
[3.447s] [01m[K/home/mtrn/MTRN4231_final_project/path_planning/src/brain_node.cpp:26:65:[m[K [01;35m[Kwarning: [m[Kunused parameter â€˜[01m[Kmsg[m[Kâ€™ [[01;35m[K]8;;https://gcc.gnu.org/onlinedocs/gcc/Warning-Options.html#index-Wunused-parameter-Wunused-parameter]8;;[m[K]
[3.447s]    26 |             [this]([01;35m[Kconst geometry_msgs::msg::Point32::SharedPtr msg[m[K) {
[3.447s]       |                    [01;35m[K~~~~~~~~~~~~~~~~~~~~~~~~~~~~~~~~~~~~~~~~~~~~~^~~[m[K
[3.450s] [01m[K/home/mtrn/MTRN4231_final_project/path_planning/src/brain_node.cpp:[m[K In member function â€˜[01m[Kvoid BrainNode::handle_pen_colours(std_msgs::msg::Int32MultiArray_<std::allocator<void> >::SharedPtr)[m[Kâ€™:
[3.451s] [01m[K/home/mtrn/MTRN4231_final_project/path_planning/src/brain_node.cpp:41:41:[m[K [01;35m[Kwarning: [m[Kdivision â€˜[01m[Ksizeof (std_msgs::msg::Int32MultiArray_<std::allocator<void> >*) / sizeof (std_msgs::msg::Int32MultiArray_<std::allocator<void> >)[m[Kâ€™ does not compute the number of array elements [[01;35m[K]8;;https://gcc.gnu.org/onlinedocs/gcc/Warning-Options.html#index-Wsizeof-pointer-div-Wsizeof-pointer-div]8;;[m[K]
[3.451s]    41 |             int N = [01;35m[Ksizeof(colours_arr) / sizeof(colours_arr[0])[m[K;
[3.451s]       |                     [01;35m[K~~~~~~~~~~~~~~~~~~~~^~~~~~~~~~~~~~~~~~~~~~~~[m[K
[3.453s] [01m[K/home/mtrn/MTRN4231_final_project/path_planning/src/brain_node.cpp:40:18:[m[K [01;36m[Knote: [m[Kfirst â€˜[01m[Ksizeof[m[Kâ€™ operand was declared here
[3.453s]    40 |             auto [01;36m[Kcolours_arr[m[K = msg.get();
[3.453s]       |                  [01;36m[K^~~~~~~~~~~[m[K
[3.462s] [01m[K/home/mtrn/MTRN4231_final_project/path_planning/src/brain_node.cpp:42:34:[m[K [01;31m[Kerror: [m[Kâ€˜[01m[Kcolour_arrs[m[Kâ€™ was not declared in this scope; did you mean â€˜[01m[Kcolours_arr[m[Kâ€™?
[3.462s]    42 |             colours(colours_arr, [01;31m[Kcolour_arrs[m[K + N);
[3.462s]       |                                  [01;31m[K^~~~~~~~~~~[m[K
[3.462s]       |                                  [32m[Kcolours_arr[m[K
[3.463s] [01m[K/home/mtrn/MTRN4231_final_project/path_planning/src/brain_node.cpp:45:13:[m[K [01;31m[Kerror: [m[Kexpected â€˜[01m[K,[m[Kâ€™ or â€˜[01m[K;[m[Kâ€™ before â€˜[01m[KremoveValuesWithinRange[m[Kâ€™
[3.463s]    45 |             [01;31m[KremoveValuesWithinRange[m[K(missing_colours, msg.data, 0.15)
[3.463s]       |             [01;31m[K^~~~~~~~~~~~~~~~~~~~~~~[m[K
[8.035s] gmake[2]: *** [CMakeFiles/brain_node.dir/build.make:76: CMakeFiles/brain_node.dir/src/brain_node.cpp.o] Error 1
[8.035s] gmake[1]: *** [CMakeFiles/Makefile2:137: CMakeFiles/brain_node.dir/all] Error 2
[8.035s] gmake: *** [Makefile:146: all] Error 2
[8.037s] Invoked command in '/home/mtrn/MTRN4231_final_project/build/path_planning' returned '2': CMAKE_PREFIX_PATH=${CMAKE_PREFIX_PATH}:/home/mtrn/4231/ws_moveit2/install/moveit_configs_utils:/home/mtrn/4231/ws_moveit2/install/launch_param_builder:/opt/ros/humble /usr/bin/cmake --build /home/mtrn/MTRN4231_final_project/build/path_planning -- -j4 -l4
