[01m[K/home/mtrn/MTRN4231_final_project/path_planning/src/brain_node.cpp:79:52:[m[K [01;31m[Kerror: [m[Kâ€˜[01m[KBoolean[m[Kâ€™ in namespace â€˜[01m[Kstd_msgs::msg[m[Kâ€™ does not name a type; did you mean â€˜[01m[KBool_[m[Kâ€™?
   79 |     void handle_start_process(const std_msgs::msg::[01;31m[KBoolean[m[K::SharedPtr msg) {
      |                                                    [01;31m[K^~~~~~~[m[K
      |                                                    [32m[KBool_[m[K
[01m[K/home/mtrn/MTRN4231_final_project/path_planning/src/brain_node.cpp:79:71:[m[K [01;31m[Kerror: [m[Kexpected unqualified-id before â€˜[01m[Kmsg[m[Kâ€™
   79 |     void handle_start_process(const std_msgs::msg::Boolean::SharedPtr [01;31m[Kmsg[m[K) {
      |                                                                       [01;31m[K^~~[m[K
[01m[K/home/mtrn/MTRN4231_final_project/path_planning/src/brain_node.cpp:79:70:[m[K [01;31m[Kerror: [m[Kexpected â€˜[01m[K)[m[Kâ€™ before â€˜[01m[Kmsg[m[Kâ€™
   79 |     void handle_start_process[34m[K([m[Kconst std_msgs::msg::Boolean::SharedPtr[01;31m[K [m[K[32m[Kmsg[m[K) {
      |                              [34m[K~[m[K                                       [01;31m[K^[m[K[32m[K~~~[m[K
      |                                                                      [32m[K)[m[K
[01m[K/home/mtrn/MTRN4231_final_project/path_planning/src/brain_node.cpp:79:61:[m[K [01;31m[Kerror: [m[Kexpected â€˜[01m[K;[m[Kâ€™ at end of member declaration
   79 |     void handle_start_process(const std_msgs::msg::Boolean::[01;31m[KSharedPtr[m[K msg) {
      |                                                             [01;31m[K^~~~~~~~~[m[K
      |                                                                      [32m[K;[m[K
[01m[K/home/mtrn/MTRN4231_final_project/path_planning/src/brain_node.cpp:79:71:[m[K [01;31m[Kerror: [m[Kâ€˜[01m[Kmsg[m[Kâ€™ does not name a type
   79 |     void handle_start_process(const std_msgs::msg::Boolean::SharedPtr [01;31m[Kmsg[m[K) {
      |                                                                       [01;31m[K^~~[m[K
[01m[K/home/mtrn/MTRN4231_final_project/path_planning/src/brain_node.cpp:90:41:[m[K [01;31m[Kerror: [m[Kâ€˜[01m[KBoolean[m[Kâ€™ is not a member of â€˜[01m[Kstd_msgs::msg[m[Kâ€™; did you mean â€˜[01m[KBool_[m[Kâ€™?
   90 |     rclcpp::Subscription<std_msgs::msg::[01;31m[KBoolean[m[K>::SharedPtr image_obtained_subscriber_;
      |                                         [01;31m[K^~~~~~~[m[K
      |                                         [32m[KBool_[m[K
[01m[K/home/mtrn/MTRN4231_final_project/path_planning/src/brain_node.cpp:90:48:[m[K [01;31m[Kerror: [m[Ktemplate argument 1 is invalid
   90 |     rclcpp::Subscription<std_msgs::msg::Boolean[01;31m[K>[m[K::SharedPtr image_obtained_subscriber_;
      |                                                [01;31m[K^[m[K
[01m[K/home/mtrn/MTRN4231_final_project/path_planning/src/brain_node.cpp:90:48:[m[K [01;31m[Kerror: [m[Ktemplate argument 3 is invalid
[01m[K/home/mtrn/MTRN4231_final_project/path_planning/src/brain_node.cpp:90:48:[m[K [01;31m[Kerror: [m[Ktemplate argument 4 is invalid
[01m[K/home/mtrn/MTRN4231_final_project/path_planning/src/brain_node.cpp:90:48:[m[K [01;31m[Kerror: [m[Ktemplate argument 5 is invalid
[01m[K/home/mtrn/MTRN4231_final_project/path_planning/src/brain_node.cpp:90:51:[m[K [01;31m[Kerror: [m[Kexpected â€˜[01m[K;[m[Kâ€™ at end of member declaration
   90 |     rclcpp::Subscription<std_msgs::msg::Boolean>::[01;31m[KSharedPtr[m[K image_obtained_subscriber_;
      |                                                   [01;31m[K^~~~~~~~~[m[K
      |                                                            [32m[K;[m[K
[01m[K/home/mtrn/MTRN4231_final_project/path_planning/src/brain_node.cpp:90:61:[m[K [01;31m[Kerror: [m[Kâ€˜[01m[Kimage_obtained_subscriber_[m[Kâ€™ does not name a type
   90 |     rclcpp::Subscription<std_msgs::msg::Boolean>::SharedPtr [01;31m[Kimage_obtained_subscriber_[m[K;
      |                                                             [01;31m[K^~~~~~~~~~~~~~~~~~~~~~~~~~[m[K
[01m[K/home/mtrn/MTRN4231_final_project/path_planning/src/brain_node.cpp:[m[K In constructor â€˜[01m[KBrainNode::BrainNode()[m[Kâ€™:
[01m[K/home/mtrn/MTRN4231_final_project/path_planning/src/brain_node.cpp:25:9:[m[K [01;31m[Kerror: [m[Kâ€˜[01m[Kimage_obtained_subscriber_[m[Kâ€™ was not declared in this scope
   25 |         [01;31m[Kimage_obtained_subscriber_[m[K = create_subscription<std_msgs::msg::Boolean>("/image_obtained", 10, std::bind(&BrainNode::handle_start_process, this,  std::placeholders::_1));
      |         [01;31m[K^~~~~~~~~~~~~~~~~~~~~~~~~~[m[K
[01m[K/home/mtrn/MTRN4231_final_project/path_planning/src/brain_node.cpp:25:73:[m[K [01;31m[Kerror: [m[Kâ€˜[01m[KBoolean[m[Kâ€™ is not a member of â€˜[01m[Kstd_msgs::msg[m[Kâ€™; did you mean â€˜[01m[KBool_[m[Kâ€™?
   25 |         image_obtained_subscriber_ = create_subscription<std_msgs::msg::[01;31m[KBoolean[m[K>("/image_obtained", 10, std::bind(&BrainNode::handle_start_process, this,  std::placeholders::_1));
      |                                                                         [01;31m[K^~~~~~~[m[K
      |                                                                         [32m[KBool_[m[K
[01m[K/home/mtrn/MTRN4231_final_project/path_planning/src/brain_node.cpp:25:81:[m[K [01;31m[Kerror: [m[Kno matching function for call to â€˜[01m[KBrainNode::create_subscription<<expression error> >(const char [16], int, std::_Bind_helper<false, void (BrainNode::*)(...), BrainNode*, const std::_Placeholder<1>&>::type)[m[Kâ€™
   25 |         image_obtained_subscriber_ = [01;31m[Kcreate_subscription<std_msgs::msg::Boolean>("/image_obtained", 10, std::bind(&BrainNode::handle_start_process, this,  std::placeholders::_1))[m[K;
      |                                      [01;31m[K~~~~~~~~~~~~~~~~~~~~~~~~~~~~~~~~~~~~~~~~~~~^~~~~~~~~~~~~~~~~~~~~~~~~~~~~~~~~~~~~~~~~~~~~~~~~~~~~~~~~~~~~~~~~~~~~~~~~~~~~~~~~~~~~~~~~~~~~~~~~~[m[K
In file included from [01m[K/opt/ros/humble/include/rclcpp/rclcpp/node.hpp:1321[m[K,
                 from [01m[K/opt/ros/humble/include/rclcpp/rclcpp/executors/single_threaded_executor.hpp:28[m[K,
                 from [01m[K/opt/ros/humble/include/rclcpp/rclcpp/executors.hpp:22[m[K,
                 from [01m[K/opt/ros/humble/include/rclcpp/rclcpp/rclcpp.hpp:155[m[K,
                 from [01m[K/home/mtrn/MTRN4231_final_project/path_planning/src/brain_node.cpp:1[m[K:
[01m[K/opt/ros/humble/include/rclcpp/rclcpp/node_impl.hpp:92:1:[m[K [01;36m[Knote: [m[Kcandidate: â€˜[01m[Ktemplate<class MessageT, class CallbackT, class AllocatorT, class SubscriptionT, class MessageMemoryStrategyT> std::shared_ptr<ROSMessageT> rclcpp::Node::create_subscription(const string&, const rclcpp::QoS&, CallbackT&&, const rclcpp::SubscriptionOptionsWithAllocator<AllocatorT>&, typename MessageMemoryStrategyT::SharedPtr)[m[Kâ€™
   92 | [01;36m[KNode[m[K::create_subscription(
      | [01;36m[K^~~~[m[K
[01m[K/opt/ros/humble/include/rclcpp/rclcpp/node_impl.hpp:92:1:[m[K [01;36m[Knote: [m[K  template argument deduction/substitution failed:
[01m[K/home/mtrn/MTRN4231_final_project/path_planning/src/brain_node.cpp:25:81:[m[K [01;31m[Kerror: [m[Ktemplate argument 1 is invalid
   25 |         image_obtained_subscriber_ = [01;31m[Kcreate_subscription<std_msgs::msg::Boolean>("/image_obtained", 10, std::bind(&BrainNode::handle_start_process, this,  std::placeholders::_1))[m[K;
      |                                      [01;31m[K~~~~~~~~~~~~~~~~~~~~~~~~~~~~~~~~~~~~~~~~~~~^~~~~~~~~~~~~~~~~~~~~~~~~~~~~~~~~~~~~~~~~~~~~~~~~~~~~~~~~~~~~~~~~~~~~~~~~~~~~~~~~~~~~~~~~~~~~~~~~~[m[K
gmake[2]: *** [CMakeFiles/brain_node.dir/build.make:76: CMakeFiles/brain_node.dir/src/brain_node.cpp.o] Error 1
gmake[1]: *** [CMakeFiles/Makefile2:137: CMakeFiles/brain_node.dir/all] Error 2
gmake: *** [Makefile:146: all] Error 2
