[0.662s] Invoking command in '/home/mtrn/MTRN4231_final_project/build/path_planning': CMAKE_PREFIX_PATH=${CMAKE_PREFIX_PATH}:/home/mtrn/MTRN4231_final_project/install/image_processing:/home/mtrn/4231/ws_moveit2/install/moveit_configs_utils:/home/mtrn/4231/ws_moveit2/install/launch_param_builder:/opt/ros/humble /usr/bin/cmake --build /home/mtrn/MTRN4231_final_project/build/path_planning -- -j4 -l4
[0.935s] [ 50%] [32mBuilding CXX object CMakeFiles/brain_node.dir/src/brain_node.cpp.o[0m
[6.334s] [01m[K/home/mtrn/MTRN4231_final_project/path_planning/src/brain_node.cpp:79:52:[m[K [01;31m[Kerror: [m[Kâ€˜[01m[KBoolean[m[Kâ€™ in namespace â€˜[01m[Kstd_msgs::msg[m[Kâ€™ does not name a type; did you mean â€˜[01m[KBool_[m[Kâ€™?
[6.334s]    79 |     void handle_start_process(const std_msgs::msg::[01;31m[KBoolean[m[K::SharedPtr msg) {
[6.335s]       |                                                    [01;31m[K^~~~~~~[m[K
[6.335s]       |                                                    [32m[KBool_[m[K
[6.335s] [01m[K/home/mtrn/MTRN4231_final_project/path_planning/src/brain_node.cpp:79:71:[m[K [01;31m[Kerror: [m[Kexpected unqualified-id before â€˜[01m[Kmsg[m[Kâ€™
[6.335s]    79 |     void handle_start_process(const std_msgs::msg::Boolean::SharedPtr [01;31m[Kmsg[m[K) {
[6.335s]       |                                                                       [01;31m[K^~~[m[K
[6.335s] [01m[K/home/mtrn/MTRN4231_final_project/path_planning/src/brain_node.cpp:79:70:[m[K [01;31m[Kerror: [m[Kexpected â€˜[01m[K)[m[Kâ€™ before â€˜[01m[Kmsg[m[Kâ€™
[6.335s]    79 |     void handle_start_process[34m[K([m[Kconst std_msgs::msg::Boolean::SharedPtr[01;31m[K [m[K[32m[Kmsg[m[K) {
[6.335s]       |                              [34m[K~[m[K                                       [01;31m[K^[m[K[32m[K~~~[m[K
[6.335s]       |                                                                      [32m[K)[m[K
[6.335s] [01m[K/home/mtrn/MTRN4231_final_project/path_planning/src/brain_node.cpp:79:61:[m[K [01;31m[Kerror: [m[Kexpected â€˜[01m[K;[m[Kâ€™ at end of member declaration
[6.336s]    79 |     void handle_start_process(const std_msgs::msg::Boolean::[01;31m[KSharedPtr[m[K msg) {
[6.336s]       |                                                             [01;31m[K^~~~~~~~~[m[K
[6.336s]       |                                                                      [32m[K;[m[K
[6.337s] [01m[K/home/mtrn/MTRN4231_final_project/path_planning/src/brain_node.cpp:79:71:[m[K [01;31m[Kerror: [m[Kâ€˜[01m[Kmsg[m[Kâ€™ does not name a type
[6.337s]    79 |     void handle_start_process(const std_msgs::msg::Boolean::SharedPtr [01;31m[Kmsg[m[K) {
[6.337s]       |                                                                       [01;31m[K^~~[m[K
[6.467s] [01m[K/home/mtrn/MTRN4231_final_project/path_planning/src/brain_node.cpp:90:41:[m[K [01;31m[Kerror: [m[Kâ€˜[01m[KBoolean[m[Kâ€™ is not a member of â€˜[01m[Kstd_msgs::msg[m[Kâ€™; did you mean â€˜[01m[KBool_[m[Kâ€™?
[6.467s]    90 |     rclcpp::Subscription<std_msgs::msg::[01;31m[KBoolean[m[K>::SharedPtr image_obtained_subscriber_;
[6.467s]       |                                         [01;31m[K^~~~~~~[m[K
[6.467s]       |                                         [32m[KBool_[m[K
[6.467s] [01m[K/home/mtrn/MTRN4231_final_project/path_planning/src/brain_node.cpp:90:48:[m[K [01;31m[Kerror: [m[Ktemplate argument 1 is invalid
[6.467s]    90 |     rclcpp::Subscription<std_msgs::msg::Boolean[01;31m[K>[m[K::SharedPtr image_obtained_subscriber_;
[6.468s]       |                                                [01;31m[K^[m[K
[6.468s] [01m[K/home/mtrn/MTRN4231_final_project/path_planning/src/brain_node.cpp:90:48:[m[K [01;31m[Kerror: [m[Ktemplate argument 3 is invalid
[6.468s] [01m[K/home/mtrn/MTRN4231_final_project/path_planning/src/brain_node.cpp:90:48:[m[K [01;31m[Kerror: [m[Ktemplate argument 4 is invalid
[6.468s] [01m[K/home/mtrn/MTRN4231_final_project/path_planning/src/brain_node.cpp:90:48:[m[K [01;31m[Kerror: [m[Ktemplate argument 5 is invalid
[6.468s] [01m[K/home/mtrn/MTRN4231_final_project/path_planning/src/brain_node.cpp:90:51:[m[K [01;31m[Kerror: [m[Kexpected â€˜[01m[K;[m[Kâ€™ at end of member declaration
[6.468s]    90 |     rclcpp::Subscription<std_msgs::msg::Boolean>::[01;31m[KSharedPtr[m[K image_obtained_subscriber_;
[6.468s]       |                                                   [01;31m[K^~~~~~~~~[m[K
[6.469s]       |                                                            [32m[K;[m[K
[6.475s] [01m[K/home/mtrn/MTRN4231_final_project/path_planning/src/brain_node.cpp:90:61:[m[K [01;31m[Kerror: [m[Kâ€˜[01m[Kimage_obtained_subscriber_[m[Kâ€™ does not name a type
[6.475s]    90 |     rclcpp::Subscription<std_msgs::msg::Boolean>::SharedPtr [01;31m[Kimage_obtained_subscriber_[m[K;
[6.475s]       |                                                             [01;31m[K^~~~~~~~~~~~~~~~~~~~~~~~~~[m[K
[6.589s] [01m[K/home/mtrn/MTRN4231_final_project/path_planning/src/brain_node.cpp:[m[K In constructor â€˜[01m[KBrainNode::BrainNode()[m[Kâ€™:
[6.589s] [01m[K/home/mtrn/MTRN4231_final_project/path_planning/src/brain_node.cpp:25:9:[m[K [01;31m[Kerror: [m[Kâ€˜[01m[Kimage_obtained_subscriber_[m[Kâ€™ was not declared in this scope
[6.589s]    25 |         [01;31m[Kimage_obtained_subscriber_[m[K = create_subscription<std_msgs::msg::Boolean>("/image_obtained", 10, std::bind(&BrainNode::handle_start_process, this,  std::placeholders::_1));
[6.589s]       |         [01;31m[K^~~~~~~~~~~~~~~~~~~~~~~~~~[m[K
[6.590s] [01m[K/home/mtrn/MTRN4231_final_project/path_planning/src/brain_node.cpp:25:73:[m[K [01;31m[Kerror: [m[Kâ€˜[01m[KBoolean[m[Kâ€™ is not a member of â€˜[01m[Kstd_msgs::msg[m[Kâ€™; did you mean â€˜[01m[KBool_[m[Kâ€™?
[6.590s]    25 |         image_obtained_subscriber_ = create_subscription<std_msgs::msg::[01;31m[KBoolean[m[K>("/image_obtained", 10, std::bind(&BrainNode::handle_start_process, this,  std::placeholders::_1));
[6.590s]       |                                                                         [01;31m[K^~~~~~~[m[K
[6.590s]       |                                                                         [32m[KBool_[m[K
[6.592s] [01m[K/home/mtrn/MTRN4231_final_project/path_planning/src/brain_node.cpp:25:81:[m[K [01;31m[Kerror: [m[Kno matching function for call to â€˜[01m[KBrainNode::create_subscription<<expression error> >(const char [16], int, std::_Bind_helper<false, void (BrainNode::*)(...), BrainNode*, const std::_Placeholder<1>&>::type)[m[Kâ€™
[6.592s]    25 |         image_obtained_subscriber_ = [01;31m[Kcreate_subscription<std_msgs::msg::Boolean>("/image_obtained", 10, std::bind(&BrainNode::handle_start_process, this,  std::placeholders::_1))[m[K;
[6.592s]       |                                      [01;31m[K~~~~~~~~~~~~~~~~~~~~~~~~~~~~~~~~~~~~~~~~~~~^~~~~~~~~~~~~~~~~~~~~~~~~~~~~~~~~~~~~~~~~~~~~~~~~~~~~~~~~~~~~~~~~~~~~~~~~~~~~~~~~~~~~~~~~~~~~~~~~~[m[K
[6.596s] In file included from [01m[K/opt/ros/humble/include/rclcpp/rclcpp/node.hpp:1321[m[K,
[6.597s]                  from [01m[K/opt/ros/humble/include/rclcpp/rclcpp/executors/single_threaded_executor.hpp:28[m[K,
[6.597s]                  from [01m[K/opt/ros/humble/include/rclcpp/rclcpp/executors.hpp:22[m[K,
[6.597s]                  from [01m[K/opt/ros/humble/include/rclcpp/rclcpp/rclcpp.hpp:155[m[K,
[6.597s]                  from [01m[K/home/mtrn/MTRN4231_final_project/path_planning/src/brain_node.cpp:1[m[K:
[6.597s] [01m[K/opt/ros/humble/include/rclcpp/rclcpp/node_impl.hpp:92:1:[m[K [01;36m[Knote: [m[Kcandidate: â€˜[01m[Ktemplate<class MessageT, class CallbackT, class AllocatorT, class SubscriptionT, class MessageMemoryStrategyT> std::shared_ptr<ROSMessageT> rclcpp::Node::create_subscription(const string&, const rclcpp::QoS&, CallbackT&&, const rclcpp::SubscriptionOptionsWithAllocator<AllocatorT>&, typename MessageMemoryStrategyT::SharedPtr)[m[Kâ€™
[6.597s]    92 | [01;36m[KNode[m[K::create_subscription(
[6.597s]       | [01;36m[K^~~~[m[K
[6.598s] [01m[K/opt/ros/humble/include/rclcpp/rclcpp/node_impl.hpp:92:1:[m[K [01;36m[Knote: [m[K  template argument deduction/substitution failed:
[6.598s] [01m[K/home/mtrn/MTRN4231_final_project/path_planning/src/brain_node.cpp:25:81:[m[K [01;31m[Kerror: [m[Ktemplate argument 1 is invalid
[6.598s]    25 |         image_obtained_subscriber_ = [01;31m[Kcreate_subscription<std_msgs::msg::Boolean>("/image_obtained", 10, std::bind(&BrainNode::handle_start_process, this,  std::placeholders::_1))[m[K;
[6.598s]       |                                      [01;31m[K~~~~~~~~~~~~~~~~~~~~~~~~~~~~~~~~~~~~~~~~~~~^~~~~~~~~~~~~~~~~~~~~~~~~~~~~~~~~~~~~~~~~~~~~~~~~~~~~~~~~~~~~~~~~~~~~~~~~~~~~~~~~~~~~~~~~~~~~~~~~~[m[K
[11.247s] gmake[2]: *** [CMakeFiles/brain_node.dir/build.make:76: CMakeFiles/brain_node.dir/src/brain_node.cpp.o] Error 1
[11.248s] gmake[1]: *** [CMakeFiles/Makefile2:137: CMakeFiles/brain_node.dir/all] Error 2
[11.249s] gmake: *** [Makefile:146: all] Error 2
[11.253s] Invoked command in '/home/mtrn/MTRN4231_final_project/build/path_planning' returned '2': CMAKE_PREFIX_PATH=${CMAKE_PREFIX_PATH}:/home/mtrn/MTRN4231_final_project/install/image_processing:/home/mtrn/4231/ws_moveit2/install/moveit_configs_utils:/home/mtrn/4231/ws_moveit2/install/launch_param_builder:/opt/ros/humble /usr/bin/cmake --build /home/mtrn/MTRN4231_final_project/build/path_planning -- -j4 -l4
