[0.748s] Invoking command in '/home/mtrn/MTRN4231_final_project/build/path_planning': CMAKE_PREFIX_PATH=${CMAKE_PREFIX_PATH}:/home/mtrn/MTRN4231_final_project/install/image_processing:/home/mtrn/4231/ws_moveit2/install/moveit_configs_utils:/home/mtrn/4231/ws_moveit2/install/launch_param_builder:/opt/ros/humble /usr/bin/cmake --build /home/mtrn/MTRN4231_final_project/build/path_planning -- -j4 -l4
[0.931s] [35m[1mConsolidate compiler generated dependencies of target brain_node[0m
[0.995s] [ 50%] [32mBuilding CXX object CMakeFiles/brain_node.dir/src/brain_node.cpp.o[0m
[5.718s] [01m[K/home/mtrn/MTRN4231_final_project/path_planning/src/brain_node.cpp:90:41:[m[K [01;31m[Kerror: [m[Kâ€˜[01m[KBoolean[m[Kâ€™ is not a member of â€˜[01m[Kstd_msgs::msg[m[Kâ€™; did you mean â€˜[01m[KBool_[m[Kâ€™?
[5.718s]    90 |     rclcpp::Subscription<std_msgs::msg::[01;31m[KBoolean[m[K>::SharedPtr image_obtained_subscriber_;
[5.719s]       |                                         [01;31m[K^~~~~~~[m[K
[5.719s]       |                                         [32m[KBool_[m[K
[5.719s] [01m[K/home/mtrn/MTRN4231_final_project/path_planning/src/brain_node.cpp:90:48:[m[K [01;31m[Kerror: [m[Ktemplate argument 1 is invalid
[5.719s]    90 |     rclcpp::Subscription<std_msgs::msg::Boolean[01;31m[K>[m[K::SharedPtr image_obtained_subscriber_;
[5.719s]       |                                                [01;31m[K^[m[K
[5.719s] [01m[K/home/mtrn/MTRN4231_final_project/path_planning/src/brain_node.cpp:90:48:[m[K [01;31m[Kerror: [m[Ktemplate argument 3 is invalid
[5.720s] [01m[K/home/mtrn/MTRN4231_final_project/path_planning/src/brain_node.cpp:90:48:[m[K [01;31m[Kerror: [m[Ktemplate argument 4 is invalid
[5.720s] [01m[K/home/mtrn/MTRN4231_final_project/path_planning/src/brain_node.cpp:90:48:[m[K [01;31m[Kerror: [m[Ktemplate argument 5 is invalid
[5.720s] [01m[K/home/mtrn/MTRN4231_final_project/path_planning/src/brain_node.cpp:90:51:[m[K [01;31m[Kerror: [m[Kexpected â€˜[01m[K;[m[Kâ€™ at end of member declaration
[5.720s]    90 |     rclcpp::Subscription<std_msgs::msg::Boolean>::[01;31m[KSharedPtr[m[K image_obtained_subscriber_;
[5.720s]       |                                                   [01;31m[K^~~~~~~~~[m[K
[5.720s]       |                                                            [32m[K;[m[K
[5.727s] [01m[K/home/mtrn/MTRN4231_final_project/path_planning/src/brain_node.cpp:90:61:[m[K [01;31m[Kerror: [m[Kâ€˜[01m[Kimage_obtained_subscriber_[m[Kâ€™ does not name a type
[5.728s]    90 |     rclcpp::Subscription<std_msgs::msg::Boolean>::SharedPtr [01;31m[Kimage_obtained_subscriber_[m[K;
[5.728s]       |                                                             [01;31m[K^~~~~~~~~~~~~~~~~~~~~~~~~~[m[K
[5.862s] [01m[K/home/mtrn/MTRN4231_final_project/path_planning/src/brain_node.cpp:[m[K In constructor â€˜[01m[KBrainNode::BrainNode()[m[Kâ€™:
[5.862s] [01m[K/home/mtrn/MTRN4231_final_project/path_planning/src/brain_node.cpp:25:9:[m[K [01;31m[Kerror: [m[Kâ€˜[01m[Kimage_obtained_subscriber_[m[Kâ€™ was not declared in this scope
[5.863s]    25 |         [01;31m[Kimage_obtained_subscriber_[m[K = create_subscription<std_msgs::msg::Bool>("/image_obtained", 10, std::bind(&BrainNode::handle_start_process, this,  std::placeholders::_1));
[5.863s]       |         [01;31m[K^~~~~~~~~~~~~~~~~~~~~~~~~~[m[K
[5.978s] [01m[K/home/mtrn/MTRN4231_final_project/path_planning/src/brain_node.cpp:[m[K In member function â€˜[01m[Kvoid BrainNode::handle_start_process(std_msgs::msg::Bool_<std::allocator<void> >::SharedPtr)[m[Kâ€™:
[5.978s] [01m[K/home/mtrn/MTRN4231_final_project/path_planning/src/brain_node.cpp:83:9:[m[K [01;31m[Kerror: [m[Kexpected â€˜[01m[K;[m[Kâ€™ before â€˜[01m[K}[m[Kâ€™ token
[5.979s]    83 |         [01;31m[K}[m[K
[5.979s]       |         [01;31m[K^[m[K
[12.365s] gmake[2]: *** [CMakeFiles/brain_node.dir/build.make:76: CMakeFiles/brain_node.dir/src/brain_node.cpp.o] Error 1
[12.366s] gmake[1]: *** [CMakeFiles/Makefile2:137: CMakeFiles/brain_node.dir/all] Error 2
[12.366s] gmake: *** [Makefile:146: all] Error 2
[12.373s] Invoked command in '/home/mtrn/MTRN4231_final_project/build/path_planning' returned '2': CMAKE_PREFIX_PATH=${CMAKE_PREFIX_PATH}:/home/mtrn/MTRN4231_final_project/install/image_processing:/home/mtrn/4231/ws_moveit2/install/moveit_configs_utils:/home/mtrn/4231/ws_moveit2/install/launch_param_builder:/opt/ros/humble /usr/bin/cmake --build /home/mtrn/MTRN4231_final_project/build/path_planning -- -j4 -l4
